<?xml version="1.0" encoding="UTF-8"?>
<!-- Generated by org.testng.reporters.JUnitXMLReporter -->
<testsuite ignored="0" hostname="DESKTOP-2AQ875M" failures="0" tests="5" name="Default test" time="0.12" errors="0" timestamp="2024-03-01T19:58:44 IST">
  <testcase classname="TestInJenkins" name="testMethod1" time="0.02"/>
  <testcase classname="TestInJenkins" name="testMethod2" time="0.006"/>
  <testcase classname="TestInJenkins" name="testMethod3" time="0.004"/>
  <testcase classname="TestInJenkins" name="testMethod4" time="0.002"/>
  <testcase classname="TestInJenkins" name="testMethod5" time="0.003"/>
</testsuite> <!-- Default test -->
