<?xml version="1.0" encoding="UTF-8"?>
<!-- Generated by org.testng.reporters.JUnitXMLReporter -->
<testsuite ignored="0" hostname="DESKTOP-2AQ875M" failures="0" tests="4" name="Test" time="11.757" errors="0" timestamp="2024-02-27T12:01:15 IST">
  <testcase classname="api.testcases.UserTest" name="testCreateUser" time="4.735"/>
  <testcase classname="api.testcases.UserTest" name="testGetUserData" time="1.148"/>
  <testcase classname="api.testcases.UserTest" name="testUpdateUser" time="2.361"/>
  <testcase classname="api.testcases.UserTest" name="testDeleteUser" time="1.13"/>
</testsuite> <!-- Test -->
