<?xml version="1.0" encoding="UTF-8"?>
<testng-results ignored="0" total="5" passed="5" failed="0" skipped="0">
  <reporter-output>
  </reporter-output>
  <suite started-at="2024-03-01T19:58:44 IST" name="Default suite" finished-at="2024-03-01T19:58:44 IST" duration-ms="120">
    <groups>
    </groups>
    <test started-at="2024-03-01T19:58:44 IST" name="Default test" finished-at="2024-03-01T19:58:44 IST" duration-ms="120">
      <class name="TestInJenkins">
        <test-method signature="testMethod1()[pri:0, instance:TestInJenkins@3eb738bb]" started-at="2024-03-01T19:58:44 IST" name="testMethod1" finished-at="2024-03-01T19:58:44 IST" duration-ms="20" status="PASS">
          <reporter-output>
          </reporter-output>
        </test-method> <!-- testMethod1 -->
        <test-method signature="testMethod2()[pri:0, instance:TestInJenkins@3eb738bb]" started-at="2024-03-01T19:58:44 IST" name="testMethod2" finished-at="2024-03-01T19:58:44 IST" duration-ms="6" status="PASS">
          <reporter-output>
          </reporter-output>
        </test-method> <!-- testMethod2 -->
        <test-method signature="testMethod3()[pri:0, instance:TestInJenkins@3eb738bb]" started-at="2024-03-01T19:58:44 IST" name="testMethod3" finished-at="2024-03-01T19:58:44 IST" duration-ms="4" status="PASS">
          <reporter-output>
          </reporter-output>
        </test-method> <!-- testMethod3 -->
        <test-method signature="testMethod4()[pri:0, instance:TestInJenkins@3eb738bb]" started-at="2024-03-01T19:58:44 IST" name="testMethod4" finished-at="2024-03-01T19:58:44 IST" duration-ms="2" status="PASS">
          <reporter-output>
          </reporter-output>
        </test-method> <!-- testMethod4 -->
        <test-method signature="testMethod5()[pri:0, instance:TestInJenkins@3eb738bb]" started-at="2024-03-01T19:58:44 IST" name="testMethod5" finished-at="2024-03-01T19:58:44 IST" duration-ms="3" status="PASS">
          <reporter-output>
          </reporter-output>
        </test-method> <!-- testMethod5 -->
      </class> <!-- TestInJenkins -->
    </test> <!-- Default test -->
  </suite> <!-- Default suite -->
</testng-results>
